<?xml version="1.0" encoding="UTF-8"?>
<!-- Generated by org.testng.reporters.JUnitReportReporter -->
<testsuite hostname="LAPTOP-9CG5QVR3" name="Academy.HomePage" tests="2" failures="0" timestamp="26 Aug 2020 08:32:23 GMT" time="46.273" errors="0">
  <testcase name="basePage" time="19.639" classname="Academy.HomePage"/>
  <testcase name="basePage" time="26.634" classname="Academy.HomePage"/>
</testsuite> <!-- Academy.HomePage -->
