<?xml version="1.0" encoding="UTF-8"?>
<!-- Generated by org.testng.reporters.JUnitReportReporter -->
<testsuite skipped="0" hostname="LAPTOP-9CG5QVR3" name="Academy.HomePage" tests="2" failures="0" timestamp="28 Aug 2020 07:14:53 GMT" time="48.430" errors="0">
  <testcase name="basePage" time="18.729" classname="Academy.HomePage"/>
  <testcase name="basePage" time="29.701" classname="Academy.HomePage"/>
</testsuite> <!-- Academy.HomePage -->
